0 info it worked if it ends with ok
1 verbose cli [ '/Users/dinhquangtrung/.nvm/versions/node/v6.8.1/bin/node',
1 verbose cli   '/Users/dinhquangtrung/.nvm/versions/node/v6.8.1/bin/npm',
1 verbose cli   'run',
1 verbose cli   'build' ]
2 info using npm@3.10.8
3 info using node@v6.8.1
4 verbose run-script [ 'prebuild', 'build', 'postbuild' ]
5 info lifecycle github-explorer@0.1.24~prebuild: github-explorer@0.1.24
6 verbose lifecycle github-explorer@0.1.24~prebuild: unsafe-perm in lifecycle true
7 verbose lifecycle github-explorer@0.1.24~prebuild: PATH: /Users/dinhquangtrung/.nvm/versions/node/v6.8.1/lib/node_modules/npm/bin/node-gyp-bin:/Users/dinhquangtrung/Documents/Projects/github-explorer/node_modules/.bin:/Users/dinhquangtrung/.rvm/gems/ruby-2.2.3/bin:/Users/dinhquangtrung/.rvm/gems/ruby-2.2.3@global/bin:/Users/dinhquangtrung/.rvm/rubies/ruby-2.2.3/bin:/Users/dinhquangtrung/sdk/google-cloud-sdk/bin:/Users/dinhquangtrung/.nvm/versions/node/v6.8.1/bin:/opt/local/bin:/opt/local/sbin:/usr/local/bin:/usr/bin:/bin:/usr/sbin:/sbin:/usr/local/bin:/usr/bin:/bin:/usr/sbin:/sbin:/usr/local/go/bin:/usr/local/MacGPG2/bin:/Users/dinhquangtrung/.rvm/gems/ruby-2.2.3/bin:/Users/dinhquangtrung/.rvm/gems/ruby-2.2.3@global/bin:/Users/dinhquangtrung/.rvm/rubies/ruby-2.2.3/bin:/Users/dinhquangtrung/sdk/google-cloud-sdk/bin:/opt/local/bin:/opt/local/sbin:/Users/dinhquangtrung/.rvm/bin:/Users/dinhquangtrung/.fzf/bin:/Users/dinhquangtrung/.rvm/bin
8 verbose lifecycle github-explorer@0.1.24~prebuild: CWD: /Users/dinhquangtrung/Documents/Projects/github-explorer
9 silly lifecycle github-explorer@0.1.24~prebuild: Args: [ '-c', 'npm run clean' ]
10 silly lifecycle github-explorer@0.1.24~prebuild: Returned: code: 0  signal: null
11 info lifecycle github-explorer@0.1.24~build: github-explorer@0.1.24
12 verbose lifecycle github-explorer@0.1.24~build: unsafe-perm in lifecycle true
13 verbose lifecycle github-explorer@0.1.24~build: PATH: /Users/dinhquangtrung/.nvm/versions/node/v6.8.1/lib/node_modules/npm/bin/node-gyp-bin:/Users/dinhquangtrung/Documents/Projects/github-explorer/node_modules/.bin:/Users/dinhquangtrung/.rvm/gems/ruby-2.2.3/bin:/Users/dinhquangtrung/.rvm/gems/ruby-2.2.3@global/bin:/Users/dinhquangtrung/.rvm/rubies/ruby-2.2.3/bin:/Users/dinhquangtrung/sdk/google-cloud-sdk/bin:/Users/dinhquangtrung/.nvm/versions/node/v6.8.1/bin:/opt/local/bin:/opt/local/sbin:/usr/local/bin:/usr/bin:/bin:/usr/sbin:/sbin:/usr/local/bin:/usr/bin:/bin:/usr/sbin:/sbin:/usr/local/go/bin:/usr/local/MacGPG2/bin:/Users/dinhquangtrung/.rvm/gems/ruby-2.2.3/bin:/Users/dinhquangtrung/.rvm/gems/ruby-2.2.3@global/bin:/Users/dinhquangtrung/.rvm/rubies/ruby-2.2.3/bin:/Users/dinhquangtrung/sdk/google-cloud-sdk/bin:/opt/local/bin:/opt/local/sbin:/Users/dinhquangtrung/.rvm/bin:/Users/dinhquangtrung/.fzf/bin:/Users/dinhquangtrung/.rvm/bin
14 verbose lifecycle github-explorer@0.1.24~build: CWD: /Users/dinhquangtrung/Documents/Projects/github-explorer
15 silly lifecycle github-explorer@0.1.24~build: Args: [ '-c',
15 silly lifecycle   'NODE_ENV=production npm run webpack && npm run service-worker && npm run root-assets' ]
16 silly lifecycle github-explorer@0.1.24~build: Returned: code: 1  signal: null
17 info lifecycle github-explorer@0.1.24~build: Failed to exec build script
18 verbose stack Error: github-explorer@0.1.24 build: `NODE_ENV=production npm run webpack && npm run service-worker && npm run root-assets`
18 verbose stack Exit status 1
18 verbose stack     at EventEmitter.<anonymous> (/Users/dinhquangtrung/.nvm/versions/node/v6.8.1/lib/node_modules/npm/lib/utils/lifecycle.js:255:16)
18 verbose stack     at emitTwo (events.js:106:13)
18 verbose stack     at EventEmitter.emit (events.js:191:7)
18 verbose stack     at ChildProcess.<anonymous> (/Users/dinhquangtrung/.nvm/versions/node/v6.8.1/lib/node_modules/npm/lib/utils/spawn.js:40:14)
18 verbose stack     at emitTwo (events.js:106:13)
18 verbose stack     at ChildProcess.emit (events.js:191:7)
18 verbose stack     at maybeClose (internal/child_process.js:877:16)
18 verbose stack     at Process.ChildProcess._handle.onexit (internal/child_process.js:226:5)
19 verbose pkgid github-explorer@0.1.24
20 verbose cwd /Users/dinhquangtrung/Documents/Projects/github-explorer
21 error Darwin 16.1.0
22 error argv "/Users/dinhquangtrung/.nvm/versions/node/v6.8.1/bin/node" "/Users/dinhquangtrung/.nvm/versions/node/v6.8.1/bin/npm" "run" "build"
23 error node v6.8.1
24 error npm  v3.10.8
25 error code ELIFECYCLE
26 error github-explorer@0.1.24 build: `NODE_ENV=production npm run webpack && npm run service-worker && npm run root-assets`
26 error Exit status 1
27 error Failed at the github-explorer@0.1.24 build script 'NODE_ENV=production npm run webpack && npm run service-worker && npm run root-assets'.
27 error Make sure you have the latest version of node.js and npm installed.
27 error If you do, this is most likely a problem with the github-explorer package,
27 error not with npm itself.
27 error Tell the author that this fails on your system:
27 error     NODE_ENV=production npm run webpack && npm run service-worker && npm run root-assets
27 error You can get information on how to open an issue for this project with:
27 error     npm bugs github-explorer
27 error Or if that isn't available, you can get their info via:
27 error     npm owner ls github-explorer
27 error There is likely additional logging output above.
28 verbose exit [ 1, true ]
